<?xml version="1.0" encoding="UTF-8"?>
<!-- Generated by org.testng.reporters.JUnitReportReporter -->
<testsuite hostname="DESKTOP-DCE6QL0" failures="0" tests="1" name="Sign_in.Login" time="37.088" errors="0" timestamp="2021-05-29T14:34:39 ICT" skipped="0">
  <testcase classname="Sign_in.Login" name="Login_Account" time="37.088"/>
  <system-out/>
</testsuite> <!-- Sign_in.Login -->
