<?xml version="1.0" encoding="UTF-8"?>
<!-- Generated by org.testng.reporters.JUnitReportReporter -->
<testsuite hostname="DESKTOP-DCE6QL0" failures="0" tests="2" name="Sign_in.LogOut" time="42.498" errors="0" timestamp="2021-05-29T14:54:24 ICT" skipped="0">
  <testcase classname="Sign_in.LogOut" name="Login_Account" time="39.216"/>
  <system-out/>
  <testcase classname="Sign_in.LogOut" name="LogOut_Account" time="3.282"/>
  <system-out/>
</testsuite> <!-- Sign_in.LogOut -->
